<?xml version="1.0" encoding="UTF-8"?>
<testng-results ignored="0" total="1" passed="1" failed="0" skipped="0">
  <reporter-output>
  </reporter-output>
  <suite started-at="2022-02-17T00:20:16 IST" name="Default suite" finished-at="2022-02-17T00:20:18 IST" duration-ms="2249">
    <groups>
    </groups>
    <test started-at="2022-02-17T00:20:16 IST" name="Default test" finished-at="2022-02-17T00:20:18 IST" duration-ms="2249">
      <class name="pojoTest_cls.EmpDetails">
        <test-method signature="deails()[pri:0, instance:pojoTest_cls.EmpDetails@8317c52]" started-at="2022-02-17T00:20:16 IST" name="deails" finished-at="2022-02-17T00:20:18 IST" duration-ms="1596" status="PASS">
          <reporter-output>
          </reporter-output>
        </test-method> <!-- deails -->
      </class> <!-- pojoTest_cls.EmpDetails -->
    </test> <!-- Default test -->
  </suite> <!-- Default suite -->
</testng-results>
